[12:38:07] [info] SandboxApp init — running headless for 3s (SandboxApp.cpp:8)
[12:38:10] [info] SandboxApp shutdown after 3.00s (SandboxApp.cpp:22)
[13:08:57] [info] SandboxApp init — running headless for 3s (SandboxApp.cpp:8)
[13:09:00] [info] SandboxApp shutdown after 3.00s (SandboxApp.cpp:22)
[15:48:54] [info] SandboxApp init — running headless for 3s (SandboxApp.cpp:9)
[15:48:57] [info] SandboxApp shutdown after 3.00s (SandboxApp.cpp:23)
[15:48:57] [info] memory: 0 bytes current, 0 bytes peak, 0 live allocs (SandboxApp.cpp:27)
[16:42:04] [info] SandboxApp init — running headless for 3s (SandboxApp.cpp:9)
[16:42:07] [info] SandboxApp shutdown after 3.00s (SandboxApp.cpp:23)
[16:42:07] [info] memory: 0 bytes current, 0 bytes peak, 0 live allocs (SandboxApp.cpp:27)
[17:08:43] [info] SandboxApp init — running headless for 3s (SandboxApp.cpp:10)
[17:08:46] [info] SandboxApp shutdown after 3.00s (SandboxApp.cpp:25)
[17:08:46] [info] memory: 0 bytes current, 0 bytes peak, 0 live allocs (SandboxApp.cpp:29)
[17:08:46] [info] profile: Update 0.000ms x1 (SandboxApp.cpp:36)
[17:08:46] [info] profile: OnUpdate 0.000ms x1 (SandboxApp.cpp:36)
[17:08:46] [info] profile: Pace 0.000ms x1 (SandboxApp.cpp:36)
[17:10:48] [info] SandboxApp init — running headless for 3s (SandboxApp.cpp:10)
[17:10:51] [info] SandboxApp shutdown after 3.00s (SandboxApp.cpp:25)
[17:10:51] [info] memory: 0 bytes current, 0 bytes peak, 0 live allocs (SandboxApp.cpp:29)
[17:57:50] [info] SandboxApp init — running headless for 3s (SandboxApp.cpp:10)
[17:57:53] [info] SandboxApp shutdown after 3.00s (SandboxApp.cpp:25)
[17:57:53] [info] memory: 0 bytes current, 0 bytes peak, 0 live allocs (SandboxApp.cpp:29)
[17:57:53] [info] profile: Update 0.000ms x1 (SandboxApp.cpp:36)
[17:57:53] [info] profile: OnUpdate 0.000ms x1 (SandboxApp.cpp:36)
[17:57:53] [info] profile: Pace 0.000ms x1 (SandboxApp.cpp:36)
